0 info it worked if it ends with ok
1 verbose cli [ '/usr/bin/node', '/usr/bin/npm', 'run', 'test-watch' ]
2 info using npm@3.5.2
3 info using node@v8.10.0
4 verbose run-script [ 'pretest-watch', 'test-watch', 'posttest-watch' ]
5 info lifecycle towork-api@1.0.0~pretest-watch: towork-api@1.0.0
6 silly lifecycle towork-api@1.0.0~pretest-watch: no script for pretest-watch, continuing
7 info lifecycle towork-api@1.0.0~test-watch: towork-api@1.0.0
8 verbose lifecycle towork-api@1.0.0~test-watch: unsafe-perm in lifecycle true
9 verbose lifecycle towork-api@1.0.0~test-watch: PATH: /usr/share/npm/bin/node-gyp-bin:/home/attaaahmed/Desktop/node-towork-api/node_modules/.bin:/usr/local/sbin:/usr/local/bin:/usr/sbin:/usr/bin:/sbin:/bin:/usr/games:/usr/local/games:/snap/bin
10 verbose lifecycle towork-api@1.0.0~test-watch: CWD: /home/attaaahmed/Desktop/node-towork-api
11 silly lifecycle towork-api@1.0.0~test-watch: Args: [ '-c', 'nodemon --exec \'npm test\'' ]
12 silly lifecycle towork-api@1.0.0~test-watch: Returned: code: 130  signal: null
13 info lifecycle towork-api@1.0.0~test-watch: Failed to exec test-watch script
14 verbose stack Error: towork-api@1.0.0 test-watch: `nodemon --exec 'npm test'`
14 verbose stack Exit status 130
14 verbose stack     at EventEmitter.<anonymous> (/usr/share/npm/lib/utils/lifecycle.js:232:16)
14 verbose stack     at emitTwo (events.js:126:13)
14 verbose stack     at EventEmitter.emit (events.js:214:7)
14 verbose stack     at ChildProcess.<anonymous> (/usr/share/npm/lib/utils/spawn.js:24:14)
14 verbose stack     at emitTwo (events.js:126:13)
14 verbose stack     at ChildProcess.emit (events.js:214:7)
14 verbose stack     at maybeClose (internal/child_process.js:925:16)
14 verbose stack     at Process.ChildProcess._handle.onexit (internal/child_process.js:209:5)
15 verbose pkgid towork-api@1.0.0
16 verbose cwd /home/attaaahmed/Desktop/node-towork-api
17 error Linux 4.15.0-33-generic
18 error argv "/usr/bin/node" "/usr/bin/npm" "run" "test-watch"
19 error node v8.10.0
20 error npm  v3.5.2
21 error code ELIFECYCLE
22 error towork-api@1.0.0 test-watch: `nodemon --exec 'npm test'`
22 error Exit status 130
23 error Failed at the towork-api@1.0.0 test-watch script 'nodemon --exec 'npm test''.
23 error Make sure you have the latest version of node.js and npm installed.
23 error If you do, this is most likely a problem with the towork-api package,
23 error not with npm itself.
23 error Tell the author that this fails on your system:
23 error     nodemon --exec 'npm test'
23 error You can get information on how to open an issue for this project with:
23 error     npm bugs towork-api
23 error Or if that isn't available, you can get their info via:
23 error     npm owner ls towork-api
23 error There is likely additional logging output above.
24 verbose exit [ 1, true ]
